# JRE version: Java(TM) SE Runtime Environment (18.0.1.1+2) (build 18.0.1.1+2-6)
# Java VM: Java HotSpot(TM) 64-Bit Server VM (18.0.1.1+2-6, mixed mode, sharing, tiered, compressed oops, compressed class ptrs, g1 gc, windows-amd64)
GC Precious Log:
 CardTable entry size: 512
 Card Set container configuration: InlinePtr #cards 4 size 8 Array Of Cards #cards 16 size 48 Howl #buckets 8 coarsen threshold 3686 Howl Bitmap #cards 512 size 80 coarsen threshold 460 Card regions per heap region 1 cards per card region 4096
 CPUs: 8 total, 8 available
 Memory: 16259M
 Large Page Support: Disabled
 NUMA Support: Disabled
 Compressed Oops: Enabled (Zero based)
 Heap Region Size: 2M
 Heap Min Capacity: 8M
 Heap Initial Capacity: 256M
 Heap Max Capacity: 4066M
 Pre-touch: Disabled
 Parallel Workers: 8
 Concurrent Workers: 2
 Concurrent Refinement Workers: 8
 Periodic GC: Disabled
Heap:
 garbage-first heap   total 262144K, used 153600K [0x0000000701e00000, 0x0000000800000000)
  region size 2048K, 4 young (8192K), 3 survivors (6144K)
 Metaspace       used 9134K, committed 9280K, reserved 1114112K
  class space    used 967K, committed 1024K, reserved 1048576K
GC Heap History (16 events):
Event: 1.788 GC heap before
{Heap before GC invocations=0 (full 0):
 garbage-first heap   total 262144K, used 22528K [0x0000000701e00000, 0x0000000800000000)
  region size 2048K, 11 young (22528K), 0 survivors (0K)
 Metaspace       used 8620K, committed 8768K, reserved 1114112K
  class space    used 966K, committed 1024K, reserved 1048576K
}
Event: 1.838 GC heap after
{Heap after GC invocations=1 (full 0):
 garbage-first heap   total 262144K, used 10080K [0x0000000701e00000, 0x0000000800000000)
  region size 2048K, 2 young (4096K), 2 survivors (4096K)
 Metaspace       used 8620K, committed 8768K, reserved 1114112K
  class space    used 966K, committed 1024K, reserved 1048576K
}
Event: 2.237 GC heap before
{Heap before GC invocations=1 (full 0):
 garbage-first heap   total 262144K, used 18272K [0x0000000701e00000, 0x0000000800000000)
  region size 2048K, 6 young (12288K), 2 survivors (4096K)
 Metaspace       used 8710K, committed 8896K, reserved 1114112K
  class space    used 966K, committed 1024K, reserved 1048576K
}
Event: 2.256 GC heap after
{Heap after GC invocations=2 (full 0):
 garbage-first heap   total 262144K, used 14336K [0x0000000701e00000, 0x0000000800000000)
  region size 2048K, 1 young (2048K), 1 survivors (2048K)
 Metaspace       used 8710K, committed 8896K, reserved 1114112K
  class space    used 966K, committed 1024K, reserved 1048576K
}
Event: 3.759 GC heap before
{Heap before GC invocations=2 (full 0):
 garbage-first heap   total 262144K, used 34816K [0x0000000701e00000, 0x0000000800000000)
  region size 2048K, 11 young (22528K), 1 survivors (2048K)
 Metaspace       used 8851K, committed 9024K, reserved 1114112K
  class space    used 966K, committed 1024K, reserved 1048576K
}
Event: 3.777 GC heap after
{Heap after GC invocations=3 (full 0):
 garbage-first heap   total 262144K, used 26143K [0x0000000701e00000, 0x0000000800000000)
  region size 2048K, 2 young (4096K), 2 survivors (4096K)
 Metaspace       used 8851K, committed 9024K, reserved 1114112K
  class space    used 966K, committed 1024K, reserved 1048576K
}
Event: 7.802 GC heap before
{Heap before GC invocations=3 (full 0):
 garbage-first heap   total 262144K, used 65055K [0x0000000701e00000, 0x0000000800000000)
  region size 2048K, 21 young (43008K), 2 survivors (4096K)
 Metaspace       used 9003K, committed 9152K, reserved 1114112K
  class space    used 966K, committed 1024K, reserved 1048576K
}
Event: 7.839 GC heap after
{Heap after GC invocations=4 (full 0):
 garbage-first heap   total 262144K, used 48495K [0x0000000701e00000, 0x0000000800000000)
  region size 2048K, 3 young (6144K), 3 survivors (6144K)
 Metaspace       used 9003K, committed 9152K, reserved 1114112K
  class space    used 966K, committed 1024K, reserved 1048576K
}
Event: 13.611 GC heap before
{Heap before GC invocations=4 (full 0):
 garbage-first heap   total 262144K, used 87407K [0x0000000701e00000, 0x0000000800000000)
  region size 2048K, 22 young (45056K), 3 survivors (6144K)
 Metaspace       used 9134K, committed 9280K, reserved 1114112K
  class space    used 967K, committed 1024K, reserved 1048576K
}
Event: 13.663 GC heap after
{Heap after GC invocations=5 (full 0):
 garbage-first heap   total 262144K, used 71680K [0x0000000701e00000, 0x0000000800000000)
  region size 2048K, 3 young (6144K), 3 survivors (6144K)
 Metaspace       used 9134K, committed 9280K, reserved 1114112K
  class space    used 967K, committed 1024K, reserved 1048576K
}
Event: 23.736 GC heap before
{Heap before GC invocations=5 (full 0):
 garbage-first heap   total 262144K, used 118784K [0x0000000701e00000, 0x0000000800000000)
  region size 2048K, 26 young (53248K), 3 survivors (6144K)
 Metaspace       used 9134K, committed 9280K, reserved 1114112K
  class space    used 967K, committed 1024K, reserved 1048576K
}
Event: 23.795 GC heap after
{Heap after GC invocations=6 (full 0):
 garbage-first heap   total 262144K, used 98977K [0x0000000701e00000, 0x0000000800000000)
  region size 2048K, 4 young (8192K), 4 survivors (8192K)
 Metaspace       used 9134K, committed 9280K, reserved 1114112K
  class space    used 967K, committed 1024K, reserved 1048576K
}
Event: 37.692 GC heap before
{Heap before GC invocations=6 (full 0):
 garbage-first heap   total 262144K, used 148129K [0x0000000701e00000, 0x0000000800000000)
  region size 2048K, 28 young (57344K), 4 survivors (8192K)
 Metaspace       used 9134K, committed 9280K, reserved 1114112K
  class space    used 967K, committed 1024K, reserved 1048576K
}
Event: 37.732 GC heap after
{Heap after GC invocations=7 (full 0):
 garbage-first heap   total 262144K, used 128509K [0x0000000701e00000, 0x0000000800000000)
  region size 2048K, 4 young (8192K), 4 survivors (8192K)
 Metaspace       used 9134K, committed 9280K, reserved 1114112K
  class space    used 967K, committed 1024K, reserved 1048576K
}
Event: 52.407 GC heap before
{Heap before GC invocations=7 (full 0):
 garbage-first heap   total 262144K, used 169469K [0x0000000701e00000, 0x0000000800000000)
  region size 2048K, 24 young (49152K), 4 survivors (8192K)
 Metaspace       used 9134K, committed 9280K, reserved 1114112K
  class space    used 967K, committed 1024K, reserved 1048576K
}
Event: 52.438 GC heap after
{Heap after GC invocations=8 (full 0):
 garbage-first heap   total 262144K, used 153600K [0x0000000701e00000, 0x0000000800000000)
  region size 2048K, 3 young (6144K), 3 survivors (6144K)
 Metaspace       used 9134K, committed 9280K, reserved 1114112K
  class space    used 967K, committed 1024K, reserved 1048576K
}

